<?xml version="1.0" encoding="UTF-8"?>
<testng-results ignored="0" total="1" passed="1" failed="0" skipped="0">
  <reporter-output>
  </reporter-output>
  <suite started-at="2022-04-21T21:50:20 IST" name="Suite" finished-at="2022-04-21T21:50:27 IST" duration-ms="6347">
    <groups>
    </groups>
    <test started-at="2022-04-21T21:50:20 IST" name="Test1" finished-at="2022-04-21T21:50:27 IST" duration-ms="6347">
      <class name="Test1.Test">
        <test-method signature="main()[pri:0, instance:Test1.Test@6392827e]" started-at="2022-04-21T21:50:21 IST" name="main" finished-at="2022-04-21T21:50:27 IST" duration-ms="6327" status="PASS">
          <reporter-output>
          </reporter-output>
        </test-method> <!-- main -->
      </class> <!-- Test1.Test -->
    </test> <!-- Test1 -->
  </suite> <!-- Suite -->
</testng-results>
